[2023-01-19 20:45:23.624] [INFO] [main] [org.springframework.boot.StartupInfoLogger] [55] - Starting WebApplication on 机械革命 with PID 14412 (C:\Users\admin\Desktop\Flink实时用户日志分析\RealTimeAnalysis\Flink-OnlineAnalysis\Web\target\classes started by admin in C:\Users\admin\Desktop\Flink实时用户日志分析\RealTimeAnalysis\Flink-OnlineAnalysis)
[2023-01-19 20:45:23.629] [INFO] [main] [org.springframework.boot.SpringApplication] [651] - No active profile set, falling back to default profiles: default
[2023-01-19 20:45:23.931] [INFO] [main] [org.springframework.data.repository.config.RepositoryConfigurationDelegate] [249] - Multiple Spring Data modules found, entering strict repository configuration mode!
[2023-01-19 20:45:23.933] [INFO] [main] [org.springframework.data.repository.config.RepositoryConfigurationDelegate] [127] - Bootstrapping Spring Data Redis repositories in DEFAULT mode.
[2023-01-19 20:45:23.950] [INFO] [main] [org.springframework.data.repository.config.RepositoryConfigurationDelegate] [187] - Finished Spring Data repository scanning in 4ms. Found 0 Redis repository interfaces.
[2023-01-19 20:45:24.223] [INFO] [main] [com.alex.web.exception.WholeException] [20] - 加载全局异常捕获类
[2023-01-19 20:45:24.740] [INFO] [main] [org.springframework.boot.web.embedded.netty.NettyWebServer] [109] - Netty started on port(s): 8080
[2023-01-19 20:45:24.749] [INFO] [main] [org.springframework.boot.StartupInfoLogger] [61] - Started WebApplication in 1.32 seconds (JVM running for 2.028)
[2023-01-19 20:45:44.975] [ERROR] [reactor-http-nio-6] [com.alex.web.exception.WholeException] [32] - error: org.springframework.data.redis.RedisConnectionFailureException: Unable to connect to Redis; nested exception is io.lettuce.core.RedisConnectionException: Unable to connect to 192.168.88.100:6379
	at org.springframework.data.redis.connection.lettuce.LettuceConnectionFactory$ExceptionTranslatingConnectionProvider.translateException(LettuceConnectionFactory.java:1534) ~[spring-data-redis-2.3.4.RELEASE.jar:2.3.4.RELEASE]
	at org.springframework.data.redis.connection.lettuce.LettuceConnectionFactory$ExceptionTranslatingConnectionProvider.getConnection(LettuceConnectionFactory.java:1442) ~[spring-data-redis-2.3.4.RELEASE.jar:2.3.4.RELEASE]
	at org.springframework.data.redis.connection.lettuce.LettuceConnectionFactory$SharedConnection.getNativeConnection(LettuceConnectionFactory.java:1228) ~[spring-data-redis-2.3.4.RELEASE.jar:2.3.4.RELEASE]
	at org.springframework.data.redis.connection.lettuce.LettuceConnectionFactory$SharedConnection.getConnection(LettuceConnectionFactory.java:1211) ~[spring-data-redis-2.3.4.RELEASE.jar:2.3.4.RELEASE]
	at org.springframework.data.redis.connection.lettuce.LettuceConnectionFactory.getSharedConnection(LettuceConnectionFactory.java:975) ~[spring-data-redis-2.3.4.RELEASE.jar:2.3.4.RELEASE]
	at org.springframework.data.redis.connection.lettuce.LettuceConnectionFactory.getConnection(LettuceConnectionFactory.java:360) ~[spring-data-redis-2.3.4.RELEASE.jar:2.3.4.RELEASE]
	at org.springframework.data.redis.core.RedisConnectionUtils.doGetConnection(RedisConnectionUtils.java:134) ~[spring-data-redis-2.3.4.RELEASE.jar:2.3.4.RELEASE]
	at org.springframework.data.redis.core.RedisConnectionUtils.getConnection(RedisConnectionUtils.java:97) ~[spring-data-redis-2.3.4.RELEASE.jar:2.3.4.RELEASE]
	at org.springframework.data.redis.core.RedisConnectionUtils.getConnection(RedisConnectionUtils.java:84) ~[spring-data-redis-2.3.4.RELEASE.jar:2.3.4.RELEASE]
	at org.springframework.data.redis.core.RedisTemplate.execute(RedisTemplate.java:215) ~[spring-data-redis-2.3.4.RELEASE.jar:2.3.4.RELEASE]
	at org.springframework.data.redis.core.RedisTemplate.execute(RedisTemplate.java:188) ~[spring-data-redis-2.3.4.RELEASE.jar:2.3.4.RELEASE]
	at org.springframework.data.redis.core.AbstractOperations.execute(AbstractOperations.java:96) ~[spring-data-redis-2.3.4.RELEASE.jar:2.3.4.RELEASE]
	at org.springframework.data.redis.core.DefaultHashOperations.entries(DefaultHashOperations.java:245) ~[spring-data-redis-2.3.4.RELEASE.jar:2.3.4.RELEASE]
	at com.alex.web.service.CountService.getDataStreamCountMap(CountService.java:47) ~[classes/:?]
	at com.alex.web.controller.CountController.genderTotalNum(CountController.java:110) ~[classes/:?]
	at sun.reflect.NativeMethodAccessorImpl.invoke0(Native Method) ~[?:1.8.0_144]
	at sun.reflect.NativeMethodAccessorImpl.invoke(NativeMethodAccessorImpl.java:62) ~[?:1.8.0_144]
	at sun.reflect.DelegatingMethodAccessorImpl.invoke(DelegatingMethodAccessorImpl.java:43) ~[?:1.8.0_144]
	at java.lang.reflect.Method.invoke(Method.java:498) ~[?:1.8.0_144]
	at org.springframework.web.reactive.result.method.InvocableHandlerMethod.lambda$invoke$0(InvocableHandlerMethod.java:147) ~[spring-webflux-5.2.9.RELEASE.jar:5.2.9.RELEASE]
	at reactor.core.publisher.FluxFlatMap.trySubscribeScalarMap(FluxFlatMap.java:151) [reactor-core-3.3.10.RELEASE.jar:3.3.10.RELEASE]
	at reactor.core.publisher.MonoFlatMap.subscribeOrReturn(MonoFlatMap.java:53) [reactor-core-3.3.10.RELEASE.jar:3.3.10.RELEASE]
	at reactor.core.publisher.InternalMonoOperator.subscribe(InternalMonoOperator.java:57) [reactor-core-3.3.10.RELEASE.jar:3.3.10.RELEASE]
	at reactor.core.publisher.MonoDefer.subscribe(MonoDefer.java:52) [reactor-core-3.3.10.RELEASE.jar:3.3.10.RELEASE]
	at reactor.core.publisher.MonoIgnoreThen$ThenIgnoreMain.drain(MonoIgnoreThen.java:153) [reactor-core-3.3.10.RELEASE.jar:3.3.10.RELEASE]
	at reactor.core.publisher.MonoIgnoreThen.subscribe(MonoIgnoreThen.java:56) [reactor-core-3.3.10.RELEASE.jar:3.3.10.RELEASE]
	at reactor.core.publisher.InternalMonoOperator.subscribe(InternalMonoOperator.java:64) [reactor-core-3.3.10.RELEASE.jar:3.3.10.RELEASE]
	at reactor.core.publisher.MonoFlatMap$FlatMapMain.onNext(MonoFlatMap.java:150) [reactor-core-3.3.10.RELEASE.jar:3.3.10.RELEASE]
	at reactor.core.publisher.FluxSwitchIfEmpty$SwitchIfEmptySubscriber.onNext(FluxSwitchIfEmpty.java:67) [reactor-core-3.3.10.RELEASE.jar:3.3.10.RELEASE]
	at reactor.core.publisher.MonoNext$NextSubscriber.onNext(MonoNext.java:76) [reactor-core-3.3.10.RELEASE.jar:3.3.10.RELEASE]
	at reactor.core.publisher.FluxConcatMap$ConcatMapImmediate.innerNext(FluxConcatMap.java:274) [reactor-core-3.3.10.RELEASE.jar:3.3.10.RELEASE]
	at reactor.core.publisher.FluxConcatMap$ConcatMapInner.onNext(FluxConcatMap.java:851) [reactor-core-3.3.10.RELEASE.jar:3.3.10.RELEASE]
	at reactor.core.publisher.FluxMapFuseable$MapFuseableSubscriber.onNext(FluxMapFuseable.java:121) [reactor-core-3.3.10.RELEASE.jar:3.3.10.RELEASE]
	at reactor.core.publisher.MonoPeekTerminal$MonoTerminalPeekSubscriber.onNext(MonoPeekTerminal.java:173) [reactor-core-3.3.10.RELEASE.jar:3.3.10.RELEASE]
	at reactor.core.publisher.Operators$ScalarSubscription.request(Operators.java:2344) [reactor-core-3.3.10.RELEASE.jar:3.3.10.RELEASE]
	at reactor.core.publisher.MonoPeekTerminal$MonoTerminalPeekSubscriber.request(MonoPeekTerminal.java:132) [reactor-core-3.3.10.RELEASE.jar:3.3.10.RELEASE]
	at reactor.core.publisher.FluxMapFuseable$MapFuseableSubscriber.request(FluxMapFuseable.java:162) [reactor-core-3.3.10.RELEASE.jar:3.3.10.RELEASE]
	at reactor.core.publisher.Operators$MultiSubscriptionSubscriber.set(Operators.java:2152) [reactor-core-3.3.10.RELEASE.jar:3.3.10.RELEASE]
	at reactor.core.publisher.Operators$MultiSubscriptionSubscriber.onSubscribe(Operators.java:2026) [reactor-core-3.3.10.RELEASE.jar:3.3.10.RELEASE]
	at reactor.core.publisher.FluxMapFuseable$MapFuseableSubscriber.onSubscribe(FluxMapFuseable.java:90) [reactor-core-3.3.10.RELEASE.jar:3.3.10.RELEASE]
	at reactor.core.publisher.MonoPeekTerminal$MonoTerminalPeekSubscriber.onSubscribe(MonoPeekTerminal.java:145) [reactor-core-3.3.10.RELEASE.jar:3.3.10.RELEASE]
	at reactor.core.publisher.MonoJust.subscribe(MonoJust.java:54) [reactor-core-3.3.10.RELEASE.jar:3.3.10.RELEASE]
	at reactor.core.publisher.Mono.subscribe(Mono.java:4213) [reactor-core-3.3.10.RELEASE.jar:3.3.10.RELEASE]
	at reactor.core.publisher.FluxConcatMap$ConcatMapImmediate.drain(FluxConcatMap.java:441) [reactor-core-3.3.10.RELEASE.jar:3.3.10.RELEASE]
	at reactor.core.publisher.FluxConcatMap$ConcatMapImmediate.onSubscribe(FluxConcatMap.java:211) [reactor-core-3.3.10.RELEASE.jar:3.3.10.RELEASE]
	at reactor.core.publisher.FluxIterable.subscribe(FluxIterable.java:161) [reactor-core-3.3.10.RELEASE.jar:3.3.10.RELEASE]
	at reactor.core.publisher.FluxIterable.subscribe(FluxIterable.java:86) [reactor-core-3.3.10.RELEASE.jar:3.3.10.RELEASE]
	at reactor.core.publisher.InternalMonoOperator.subscribe(InternalMonoOperator.java:64) [reactor-core-3.3.10.RELEASE.jar:3.3.10.RELEASE]
	at reactor.core.publisher.MonoDefer.subscribe(MonoDefer.java:52) [reactor-core-3.3.10.RELEASE.jar:3.3.10.RELEASE]
	at reactor.core.publisher.Mono.subscribe(Mono.java:4213) [reactor-core-3.3.10.RELEASE.jar:3.3.10.RELEASE]
	at reactor.core.publisher.MonoIgnoreThen$ThenIgnoreMain.drain(MonoIgnoreThen.java:172) [reactor-core-3.3.10.RELEASE.jar:3.3.10.RELEASE]
	at reactor.core.publisher.MonoIgnoreThen.subscribe(MonoIgnoreThen.java:56) [reactor-core-3.3.10.RELEASE.jar:3.3.10.RELEASE]
	at reactor.core.publisher.InternalMonoOperator.subscribe(InternalMonoOperator.java:64) [reactor-core-3.3.10.RELEASE.jar:3.3.10.RELEASE]
	at reactor.netty.http.server.HttpServerHandle.onStateChange(HttpServerHandle.java:65) [reactor-netty-0.9.12.RELEASE.jar:0.9.12.RELEASE]
	at reactor.netty.ReactorNetty$CompositeConnectionObserver.onStateChange(ReactorNetty.java:518) [reactor-netty-0.9.12.RELEASE.jar:0.9.12.RELEASE]
	at reactor.netty.tcp.TcpServerBind$ChildObserver.onStateChange(TcpServerBind.java:272) [reactor-netty-0.9.12.RELEASE.jar:0.9.12.RELEASE]
	at reactor.netty.http.server.HttpServerOperations.onInboundNext(HttpServerOperations.java:462) [reactor-netty-0.9.12.RELEASE.jar:0.9.12.RELEASE]
	at reactor.netty.channel.ChannelOperationsHandler.channelRead(ChannelOperationsHandler.java:96) [reactor-netty-0.9.12.RELEASE.jar:0.9.12.RELEASE]
	at io.netty.channel.AbstractChannelHandlerContext.invokeChannelRead(AbstractChannelHandlerContext.java:379) [netty-transport-4.1.52.Final.jar:4.1.52.Final]
	at io.netty.channel.AbstractChannelHandlerContext.invokeChannelRead(AbstractChannelHandlerContext.java:365) [netty-transport-4.1.52.Final.jar:4.1.52.Final]
	at io.netty.channel.AbstractChannelHandlerContext.fireChannelRead(AbstractChannelHandlerContext.java:357) [netty-transport-4.1.52.Final.jar:4.1.52.Final]
	at reactor.netty.http.server.HttpTrafficHandler.channelRead(HttpTrafficHandler.java:172) [reactor-netty-0.9.12.RELEASE.jar:0.9.12.RELEASE]
	at io.netty.channel.AbstractChannelHandlerContext.invokeChannelRead(AbstractChannelHandlerContext.java:379) [netty-transport-4.1.52.Final.jar:4.1.52.Final]
	at io.netty.channel.AbstractChannelHandlerContext.invokeChannelRead(AbstractChannelHandlerContext.java:365) [netty-transport-4.1.52.Final.jar:4.1.52.Final]
	at io.netty.channel.AbstractChannelHandlerContext.fireChannelRead(AbstractChannelHandlerContext.java:357) [netty-transport-4.1.52.Final.jar:4.1.52.Final]
	at io.netty.channel.CombinedChannelDuplexHandler$DelegatingChannelHandlerContext.fireChannelRead(CombinedChannelDuplexHandler.java:436) [netty-transport-4.1.52.Final.jar:4.1.52.Final]
	at io.netty.handler.codec.ByteToMessageDecoder.fireChannelRead(ByteToMessageDecoder.java:324) [netty-codec-4.1.52.Final.jar:4.1.52.Final]
	at io.netty.handler.codec.ByteToMessageDecoder.channelRead(ByteToMessageDecoder.java:296) [netty-codec-4.1.52.Final.jar:4.1.52.Final]
	at io.netty.channel.CombinedChannelDuplexHandler.channelRead(CombinedChannelDuplexHandler.java:251) [netty-transport-4.1.52.Final.jar:4.1.52.Final]
	at io.netty.channel.AbstractChannelHandlerContext.invokeChannelRead(AbstractChannelHandlerContext.java:379) [netty-transport-4.1.52.Final.jar:4.1.52.Final]
	at io.netty.channel.AbstractChannelHandlerContext.invokeChannelRead(AbstractChannelHandlerContext.java:365) [netty-transport-4.1.52.Final.jar:4.1.52.Final]
	at io.netty.channel.AbstractChannelHandlerContext.fireChannelRead(AbstractChannelHandlerContext.java:357) [netty-transport-4.1.52.Final.jar:4.1.52.Final]
	at io.netty.channel.DefaultChannelPipeline$HeadContext.channelRead(DefaultChannelPipeline.java:1410) [netty-transport-4.1.52.Final.jar:4.1.52.Final]
	at io.netty.channel.AbstractChannelHandlerContext.invokeChannelRead(AbstractChannelHandlerContext.java:379) [netty-transport-4.1.52.Final.jar:4.1.52.Final]
	at io.netty.channel.AbstractChannelHandlerContext.invokeChannelRead(AbstractChannelHandlerContext.java:365) [netty-transport-4.1.52.Final.jar:4.1.52.Final]
	at io.netty.channel.DefaultChannelPipeline.fireChannelRead(DefaultChannelPipeline.java:919) [netty-transport-4.1.52.Final.jar:4.1.52.Final]
	at io.netty.channel.nio.AbstractNioByteChannel$NioByteUnsafe.read(AbstractNioByteChannel.java:166) [netty-transport-4.1.52.Final.jar:4.1.52.Final]
	at io.netty.channel.nio.NioEventLoop.processSelectedKey(NioEventLoop.java:714) [netty-transport-4.1.52.Final.jar:4.1.52.Final]
	at io.netty.channel.nio.NioEventLoop.processSelectedKeysOptimized(NioEventLoop.java:650) [netty-transport-4.1.52.Final.jar:4.1.52.Final]
	at io.netty.channel.nio.NioEventLoop.processSelectedKeys(NioEventLoop.java:576) [netty-transport-4.1.52.Final.jar:4.1.52.Final]
	at io.netty.channel.nio.NioEventLoop.run(NioEventLoop.java:493) [netty-transport-4.1.52.Final.jar:4.1.52.Final]
	at io.netty.util.concurrent.SingleThreadEventExecutor$4.run(SingleThreadEventExecutor.java:989) [netty-common-4.1.52.Final.jar:4.1.52.Final]
	at io.netty.util.internal.ThreadExecutorMap$2.run(ThreadExecutorMap.java:74) [netty-common-4.1.52.Final.jar:4.1.52.Final]
	at io.netty.util.concurrent.FastThreadLocalRunnable.run(FastThreadLocalRunnable.java:30) [netty-common-4.1.52.Final.jar:4.1.52.Final]
	at java.lang.Thread.run(Thread.java:748) [?:1.8.0_144]
Caused by: io.lettuce.core.RedisConnectionException: Unable to connect to 192.168.88.100:6379
	at io.lettuce.core.RedisConnectionException.create(RedisConnectionException.java:78) ~[lettuce-core-5.3.4.RELEASE.jar:5.3.4.RELEASE]
	at io.lettuce.core.RedisConnectionException.create(RedisConnectionException.java:56) ~[lettuce-core-5.3.4.RELEASE.jar:5.3.4.RELEASE]
	at io.lettuce.core.AbstractRedisClient.getConnection(AbstractRedisClient.java:242) ~[lettuce-core-5.3.4.RELEASE.jar:5.3.4.RELEASE]
	at io.lettuce.core.RedisClient.connect(RedisClient.java:206) ~[lettuce-core-5.3.4.RELEASE.jar:5.3.4.RELEASE]
	at org.springframework.data.redis.connection.lettuce.StandaloneConnectionProvider.lambda$getConnection$1(StandaloneConnectionProvider.java:115) ~[spring-data-redis-2.3.4.RELEASE.jar:2.3.4.RELEASE]
	at java.util.Optional.orElseGet(Optional.java:267) ~[?:1.8.0_144]
	at org.springframework.data.redis.connection.lettuce.StandaloneConnectionProvider.getConnection(StandaloneConnectionProvider.java:115) ~[spring-data-redis-2.3.4.RELEASE.jar:2.3.4.RELEASE]
	at org.springframework.data.redis.connection.lettuce.LettuceConnectionFactory$ExceptionTranslatingConnectionProvider.getConnection(LettuceConnectionFactory.java:1440) ~[spring-data-redis-2.3.4.RELEASE.jar:2.3.4.RELEASE]
	... 83 more
Caused by: io.netty.channel.ConnectTimeoutException: connection timed out: /192.168.88.100:6379
	at io.netty.channel.nio.AbstractNioChannel$AbstractNioUnsafe$1.run(AbstractNioChannel.java:261) ~[netty-transport-4.1.52.Final.jar:4.1.52.Final]
	at io.netty.util.concurrent.PromiseTask.runTask(PromiseTask.java:98) ~[netty-common-4.1.52.Final.jar:4.1.52.Final]
	at io.netty.util.concurrent.ScheduledFutureTask.run(ScheduledFutureTask.java:170) ~[netty-common-4.1.52.Final.jar:4.1.52.Final]
	at io.netty.util.concurrent.AbstractEventExecutor.safeExecute(AbstractEventExecutor.java:164) ~[netty-common-4.1.52.Final.jar:4.1.52.Final]
	at io.netty.util.concurrent.SingleThreadEventExecutor.runAllTasks(SingleThreadEventExecutor.java:472) ~[netty-common-4.1.52.Final.jar:4.1.52.Final]
	at io.netty.channel.nio.NioEventLoop.run(NioEventLoop.java:500) ~[netty-transport-4.1.52.Final.jar:4.1.52.Final]
	... 4 more

[2023-01-19 20:45:54.977] [ERROR] [reactor-http-nio-2] [com.alex.web.exception.WholeException] [32] - error: org.springframework.data.redis.RedisConnectionFailureException: Unable to connect to Redis; nested exception is io.lettuce.core.RedisConnectionException: Unable to connect to 192.168.88.100:6379
	at org.springframework.data.redis.connection.lettuce.LettuceConnectionFactory$ExceptionTranslatingConnectionProvider.translateException(LettuceConnectionFactory.java:1534) ~[spring-data-redis-2.3.4.RELEASE.jar:2.3.4.RELEASE]
	at org.springframework.data.redis.connection.lettuce.LettuceConnectionFactory$ExceptionTranslatingConnectionProvider.getConnection(LettuceConnectionFactory.java:1442) ~[spring-data-redis-2.3.4.RELEASE.jar:2.3.4.RELEASE]
	at org.springframework.data.redis.connection.lettuce.LettuceConnectionFactory$SharedConnection.getNativeConnection(LettuceConnectionFactory.java:1228) ~[spring-data-redis-2.3.4.RELEASE.jar:2.3.4.RELEASE]
	at org.springframework.data.redis.connection.lettuce.LettuceConnectionFactory$SharedConnection.getConnection(LettuceConnectionFactory.java:1211) ~[spring-data-redis-2.3.4.RELEASE.jar:2.3.4.RELEASE]
	at org.springframework.data.redis.connection.lettuce.LettuceConnectionFactory.getSharedConnection(LettuceConnectionFactory.java:975) ~[spring-data-redis-2.3.4.RELEASE.jar:2.3.4.RELEASE]
	at org.springframework.data.redis.connection.lettuce.LettuceConnectionFactory.getConnection(LettuceConnectionFactory.java:360) ~[spring-data-redis-2.3.4.RELEASE.jar:2.3.4.RELEASE]
	at org.springframework.data.redis.core.RedisConnectionUtils.doGetConnection(RedisConnectionUtils.java:134) ~[spring-data-redis-2.3.4.RELEASE.jar:2.3.4.RELEASE]
	at org.springframework.data.redis.core.RedisConnectionUtils.getConnection(RedisConnectionUtils.java:97) ~[spring-data-redis-2.3.4.RELEASE.jar:2.3.4.RELEASE]
	at org.springframework.data.redis.core.RedisConnectionUtils.getConnection(RedisConnectionUtils.java:84) ~[spring-data-redis-2.3.4.RELEASE.jar:2.3.4.RELEASE]
	at org.springframework.data.redis.core.RedisTemplate.execute(RedisTemplate.java:215) ~[spring-data-redis-2.3.4.RELEASE.jar:2.3.4.RELEASE]
	at org.springframework.data.redis.core.RedisTemplate.execute(RedisTemplate.java:188) ~[spring-data-redis-2.3.4.RELEASE.jar:2.3.4.RELEASE]
	at org.springframework.data.redis.core.AbstractOperations.execute(AbstractOperations.java:96) ~[spring-data-redis-2.3.4.RELEASE.jar:2.3.4.RELEASE]
	at org.springframework.data.redis.core.DefaultValueOperations.get(DefaultValueOperations.java:53) ~[spring-data-redis-2.3.4.RELEASE.jar:2.3.4.RELEASE]
	at com.alex.web.service.CountService.getDataStreamCountValue(CountService.java:29) ~[classes/:?]
	at com.alex.web.controller.CountController.minuteNum(CountController.java:58) ~[classes/:?]
	at sun.reflect.NativeMethodAccessorImpl.invoke0(Native Method) ~[?:1.8.0_144]
	at sun.reflect.NativeMethodAccessorImpl.invoke(NativeMethodAccessorImpl.java:62) ~[?:1.8.0_144]
	at sun.reflect.DelegatingMethodAccessorImpl.invoke(DelegatingMethodAccessorImpl.java:43) ~[?:1.8.0_144]
	at java.lang.reflect.Method.invoke(Method.java:498) ~[?:1.8.0_144]
	at org.springframework.web.reactive.result.method.InvocableHandlerMethod.lambda$invoke$0(InvocableHandlerMethod.java:147) ~[spring-webflux-5.2.9.RELEASE.jar:5.2.9.RELEASE]
	at reactor.core.publisher.MonoFlatMap$FlatMapMain.onNext(MonoFlatMap.java:118) [reactor-core-3.3.10.RELEASE.jar:3.3.10.RELEASE]
	at reactor.core.publisher.Operators$MonoSubscriber.complete(Operators.java:1782) [reactor-core-3.3.10.RELEASE.jar:3.3.10.RELEASE]
	at reactor.core.publisher.MonoZip$ZipCoordinator.signal(MonoZip.java:247) [reactor-core-3.3.10.RELEASE.jar:3.3.10.RELEASE]
	at reactor.core.publisher.MonoZip$ZipInner.onNext(MonoZip.java:329) [reactor-core-3.3.10.RELEASE.jar:3.3.10.RELEASE]
	at reactor.core.publisher.MonoPeekTerminal$MonoTerminalPeekSubscriber.onNext(MonoPeekTerminal.java:173) [reactor-core-3.3.10.RELEASE.jar:3.3.10.RELEASE]
	at reactor.core.publisher.FluxDefaultIfEmpty$DefaultIfEmptySubscriber.onNext(FluxDefaultIfEmpty.java:92) [reactor-core-3.3.10.RELEASE.jar:3.3.10.RELEASE]
	at reactor.core.publisher.FluxSwitchIfEmpty$SwitchIfEmptySubscriber.onNext(FluxSwitchIfEmpty.java:67) [reactor-core-3.3.10.RELEASE.jar:3.3.10.RELEASE]
	at reactor.core.publisher.Operators$ScalarSubscription.request(Operators.java:2344) [reactor-core-3.3.10.RELEASE.jar:3.3.10.RELEASE]
	at reactor.core.publisher.Operators$MultiSubscriptionSubscriber.set(Operators.java:2152) [reactor-core-3.3.10.RELEASE.jar:3.3.10.RELEASE]
	at reactor.core.publisher.Operators$MultiSubscriptionSubscriber.onSubscribe(Operators.java:2026) [reactor-core-3.3.10.RELEASE.jar:3.3.10.RELEASE]
	at reactor.core.publisher.FluxFlatMap.trySubscribeScalarMap(FluxFlatMap.java:191) [reactor-core-3.3.10.RELEASE.jar:3.3.10.RELEASE]
	at reactor.core.publisher.MonoFlatMap.subscribeOrReturn(MonoFlatMap.java:53) [reactor-core-3.3.10.RELEASE.jar:3.3.10.RELEASE]
	at reactor.core.publisher.Mono.subscribe(Mono.java:4198) [reactor-core-3.3.10.RELEASE.jar:3.3.10.RELEASE]
	at reactor.core.publisher.MonoZip.subscribe(MonoZip.java:128) [reactor-core-3.3.10.RELEASE.jar:3.3.10.RELEASE]
	at reactor.core.publisher.InternalMonoOperator.subscribe(InternalMonoOperator.java:64) [reactor-core-3.3.10.RELEASE.jar:3.3.10.RELEASE]
	at reactor.core.publisher.MonoDefer.subscribe(MonoDefer.java:52) [reactor-core-3.3.10.RELEASE.jar:3.3.10.RELEASE]
	at reactor.core.publisher.MonoIgnoreThen$ThenIgnoreMain.drain(MonoIgnoreThen.java:153) [reactor-core-3.3.10.RELEASE.jar:3.3.10.RELEASE]
	at reactor.core.publisher.MonoIgnoreThen.subscribe(MonoIgnoreThen.java:56) [reactor-core-3.3.10.RELEASE.jar:3.3.10.RELEASE]
	at reactor.core.publisher.InternalMonoOperator.subscribe(InternalMonoOperator.java:64) [reactor-core-3.3.10.RELEASE.jar:3.3.10.RELEASE]
	at reactor.core.publisher.MonoFlatMap$FlatMapMain.onNext(MonoFlatMap.java:150) [reactor-core-3.3.10.RELEASE.jar:3.3.10.RELEASE]
	at reactor.core.publisher.FluxSwitchIfEmpty$SwitchIfEmptySubscriber.onNext(FluxSwitchIfEmpty.java:67) [reactor-core-3.3.10.RELEASE.jar:3.3.10.RELEASE]
	at reactor.core.publisher.MonoNext$NextSubscriber.onNext(MonoNext.java:76) [reactor-core-3.3.10.RELEASE.jar:3.3.10.RELEASE]
	at reactor.core.publisher.FluxConcatMap$ConcatMapImmediate.innerNext(FluxConcatMap.java:274) [reactor-core-3.3.10.RELEASE.jar:3.3.10.RELEASE]
	at reactor.core.publisher.FluxConcatMap$ConcatMapInner.onNext(FluxConcatMap.java:851) [reactor-core-3.3.10.RELEASE.jar:3.3.10.RELEASE]
	at reactor.core.publisher.FluxMapFuseable$MapFuseableSubscriber.onNext(FluxMapFuseable.java:121) [reactor-core-3.3.10.RELEASE.jar:3.3.10.RELEASE]
	at reactor.core.publisher.MonoPeekTerminal$MonoTerminalPeekSubscriber.onNext(MonoPeekTerminal.java:173) [reactor-core-3.3.10.RELEASE.jar:3.3.10.RELEASE]
	at reactor.core.publisher.Operators$ScalarSubscription.request(Operators.java:2344) [reactor-core-3.3.10.RELEASE.jar:3.3.10.RELEASE]
	at reactor.core.publisher.MonoPeekTerminal$MonoTerminalPeekSubscriber.request(MonoPeekTerminal.java:132) [reactor-core-3.3.10.RELEASE.jar:3.3.10.RELEASE]
	at reactor.core.publisher.FluxMapFuseable$MapFuseableSubscriber.request(FluxMapFuseable.java:162) [reactor-core-3.3.10.RELEASE.jar:3.3.10.RELEASE]
	at reactor.core.publisher.Operators$MultiSubscriptionSubscriber.set(Operators.java:2152) [reactor-core-3.3.10.RELEASE.jar:3.3.10.RELEASE]
	at reactor.core.publisher.Operators$MultiSubscriptionSubscriber.onSubscribe(Operators.java:2026) [reactor-core-3.3.10.RELEASE.jar:3.3.10.RELEASE]
	at reactor.core.publisher.FluxMapFuseable$MapFuseableSubscriber.onSubscribe(FluxMapFuseable.java:90) [reactor-core-3.3.10.RELEASE.jar:3.3.10.RELEASE]
	at reactor.core.publisher.MonoPeekTerminal$MonoTerminalPeekSubscriber.onSubscribe(MonoPeekTerminal.java:145) [reactor-core-3.3.10.RELEASE.jar:3.3.10.RELEASE]
	at reactor.core.publisher.MonoJust.subscribe(MonoJust.java:54) [reactor-core-3.3.10.RELEASE.jar:3.3.10.RELEASE]
	at reactor.core.publisher.Mono.subscribe(Mono.java:4213) [reactor-core-3.3.10.RELEASE.jar:3.3.10.RELEASE]
	at reactor.core.publisher.FluxConcatMap$ConcatMapImmediate.drain(FluxConcatMap.java:441) [reactor-core-3.3.10.RELEASE.jar:3.3.10.RELEASE]
	at reactor.core.publisher.FluxConcatMap$ConcatMapImmediate.onSubscribe(FluxConcatMap.java:211) [reactor-core-3.3.10.RELEASE.jar:3.3.10.RELEASE]
	at reactor.core.publisher.FluxIterable.subscribe(FluxIterable.java:161) [reactor-core-3.3.10.RELEASE.jar:3.3.10.RELEASE]
	at reactor.core.publisher.FluxIterable.subscribe(FluxIterable.java:86) [reactor-core-3.3.10.RELEASE.jar:3.3.10.RELEASE]
	at reactor.core.publisher.InternalMonoOperator.subscribe(InternalMonoOperator.java:64) [reactor-core-3.3.10.RELEASE.jar:3.3.10.RELEASE]
	at reactor.core.publisher.MonoDefer.subscribe(MonoDefer.java:52) [reactor-core-3.3.10.RELEASE.jar:3.3.10.RELEASE]
	at reactor.core.publisher.Mono.subscribe(Mono.java:4213) [reactor-core-3.3.10.RELEASE.jar:3.3.10.RELEASE]
	at reactor.core.publisher.MonoIgnoreThen$ThenIgnoreMain.drain(MonoIgnoreThen.java:172) [reactor-core-3.3.10.RELEASE.jar:3.3.10.RELEASE]
	at reactor.core.publisher.MonoIgnoreThen.subscribe(MonoIgnoreThen.java:56) [reactor-core-3.3.10.RELEASE.jar:3.3.10.RELEASE]
	at reactor.core.publisher.InternalMonoOperator.subscribe(InternalMonoOperator.java:64) [reactor-core-3.3.10.RELEASE.jar:3.3.10.RELEASE]
	at reactor.netty.http.server.HttpServerHandle.onStateChange(HttpServerHandle.java:65) [reactor-netty-0.9.12.RELEASE.jar:0.9.12.RELEASE]
	at reactor.netty.ReactorNetty$CompositeConnectionObserver.onStateChange(ReactorNetty.java:518) [reactor-netty-0.9.12.RELEASE.jar:0.9.12.RELEASE]
	at reactor.netty.tcp.TcpServerBind$ChildObserver.onStateChange(TcpServerBind.java:272) [reactor-netty-0.9.12.RELEASE.jar:0.9.12.RELEASE]
	at reactor.netty.http.server.HttpServerOperations.onInboundNext(HttpServerOperations.java:462) [reactor-netty-0.9.12.RELEASE.jar:0.9.12.RELEASE]
	at reactor.netty.channel.ChannelOperationsHandler.channelRead(ChannelOperationsHandler.java:96) [reactor-netty-0.9.12.RELEASE.jar:0.9.12.RELEASE]
	at io.netty.channel.AbstractChannelHandlerContext.invokeChannelRead(AbstractChannelHandlerContext.java:379) [netty-transport-4.1.52.Final.jar:4.1.52.Final]
	at io.netty.channel.AbstractChannelHandlerContext.invokeChannelRead(AbstractChannelHandlerContext.java:365) [netty-transport-4.1.52.Final.jar:4.1.52.Final]
	at io.netty.channel.AbstractChannelHandlerContext.fireChannelRead(AbstractChannelHandlerContext.java:357) [netty-transport-4.1.52.Final.jar:4.1.52.Final]
	at reactor.netty.http.server.HttpTrafficHandler.channelRead(HttpTrafficHandler.java:172) [reactor-netty-0.9.12.RELEASE.jar:0.9.12.RELEASE]
	at io.netty.channel.AbstractChannelHandlerContext.invokeChannelRead(AbstractChannelHandlerContext.java:379) [netty-transport-4.1.52.Final.jar:4.1.52.Final]
	at io.netty.channel.AbstractChannelHandlerContext.invokeChannelRead(AbstractChannelHandlerContext.java:365) [netty-transport-4.1.52.Final.jar:4.1.52.Final]
	at io.netty.channel.AbstractChannelHandlerContext.fireChannelRead(AbstractChannelHandlerContext.java:357) [netty-transport-4.1.52.Final.jar:4.1.52.Final]
	at io.netty.channel.CombinedChannelDuplexHandler$DelegatingChannelHandlerContext.fireChannelRead(CombinedChannelDuplexHandler.java:436) [netty-transport-4.1.52.Final.jar:4.1.52.Final]
	at io.netty.handler.codec.ByteToMessageDecoder.fireChannelRead(ByteToMessageDecoder.java:324) [netty-codec-4.1.52.Final.jar:4.1.52.Final]
	at io.netty.handler.codec.ByteToMessageDecoder.channelRead(ByteToMessageDecoder.java:296) [netty-codec-4.1.52.Final.jar:4.1.52.Final]
	at io.netty.channel.CombinedChannelDuplexHandler.channelRead(CombinedChannelDuplexHandler.java:251) [netty-transport-4.1.52.Final.jar:4.1.52.Final]
	at io.netty.channel.AbstractChannelHandlerContext.invokeChannelRead(AbstractChannelHandlerContext.java:379) [netty-transport-4.1.52.Final.jar:4.1.52.Final]
	at io.netty.channel.AbstractChannelHandlerContext.invokeChannelRead(AbstractChannelHandlerContext.java:365) [netty-transport-4.1.52.Final.jar:4.1.52.Final]
	at io.netty.channel.AbstractChannelHandlerContext.fireChannelRead(AbstractChannelHandlerContext.java:357) [netty-transport-4.1.52.Final.jar:4.1.52.Final]
	at io.netty.channel.DefaultChannelPipeline$HeadContext.channelRead(DefaultChannelPipeline.java:1410) [netty-transport-4.1.52.Final.jar:4.1.52.Final]
	at io.netty.channel.AbstractChannelHandlerContext.invokeChannelRead(AbstractChannelHandlerContext.java:379) [netty-transport-4.1.52.Final.jar:4.1.52.Final]
	at io.netty.channel.AbstractChannelHandlerContext.invokeChannelRead(AbstractChannelHandlerContext.java:365) [netty-transport-4.1.52.Final.jar:4.1.52.Final]
	at io.netty.channel.DefaultChannelPipeline.fireChannelRead(DefaultChannelPipeline.java:919) [netty-transport-4.1.52.Final.jar:4.1.52.Final]
	at io.netty.channel.nio.AbstractNioByteChannel$NioByteUnsafe.read(AbstractNioByteChannel.java:166) [netty-transport-4.1.52.Final.jar:4.1.52.Final]
	at io.netty.channel.nio.NioEventLoop.processSelectedKey(NioEventLoop.java:714) [netty-transport-4.1.52.Final.jar:4.1.52.Final]
	at io.netty.channel.nio.NioEventLoop.processSelectedKeysOptimized(NioEventLoop.java:650) [netty-transport-4.1.52.Final.jar:4.1.52.Final]
	at io.netty.channel.nio.NioEventLoop.processSelectedKeys(NioEventLoop.java:576) [netty-transport-4.1.52.Final.jar:4.1.52.Final]
	at io.netty.channel.nio.NioEventLoop.run(NioEventLoop.java:493) [netty-transport-4.1.52.Final.jar:4.1.52.Final]
	at io.netty.util.concurrent.SingleThreadEventExecutor$4.run(SingleThreadEventExecutor.java:989) [netty-common-4.1.52.Final.jar:4.1.52.Final]
	at io.netty.util.internal.ThreadExecutorMap$2.run(ThreadExecutorMap.java:74) [netty-common-4.1.52.Final.jar:4.1.52.Final]
	at io.netty.util.concurrent.FastThreadLocalRunnable.run(FastThreadLocalRunnable.java:30) [netty-common-4.1.52.Final.jar:4.1.52.Final]
	at java.lang.Thread.run(Thread.java:748) [?:1.8.0_144]
Caused by: io.lettuce.core.RedisConnectionException: Unable to connect to 192.168.88.100:6379
	at io.lettuce.core.RedisConnectionException.create(RedisConnectionException.java:78) ~[lettuce-core-5.3.4.RELEASE.jar:5.3.4.RELEASE]
	at io.lettuce.core.RedisConnectionException.create(RedisConnectionException.java:56) ~[lettuce-core-5.3.4.RELEASE.jar:5.3.4.RELEASE]
	at io.lettuce.core.AbstractRedisClient.getConnection(AbstractRedisClient.java:242) ~[lettuce-core-5.3.4.RELEASE.jar:5.3.4.RELEASE]
	at io.lettuce.core.RedisClient.connect(RedisClient.java:206) ~[lettuce-core-5.3.4.RELEASE.jar:5.3.4.RELEASE]
	at org.springframework.data.redis.connection.lettuce.StandaloneConnectionProvider.lambda$getConnection$1(StandaloneConnectionProvider.java:115) ~[spring-data-redis-2.3.4.RELEASE.jar:2.3.4.RELEASE]
	at java.util.Optional.orElseGet(Optional.java:267) ~[?:1.8.0_144]
	at org.springframework.data.redis.connection.lettuce.StandaloneConnectionProvider.getConnection(StandaloneConnectionProvider.java:115) ~[spring-data-redis-2.3.4.RELEASE.jar:2.3.4.RELEASE]
	at org.springframework.data.redis.connection.lettuce.LettuceConnectionFactory$ExceptionTranslatingConnectionProvider.getConnection(LettuceConnectionFactory.java:1440) ~[spring-data-redis-2.3.4.RELEASE.jar:2.3.4.RELEASE]
	... 95 more
Caused by: io.netty.channel.ConnectTimeoutException: connection timed out: /192.168.88.100:6379
	at io.netty.channel.nio.AbstractNioChannel$AbstractNioUnsafe$1.run(AbstractNioChannel.java:261) ~[netty-transport-4.1.52.Final.jar:4.1.52.Final]
	at io.netty.util.concurrent.PromiseTask.runTask(PromiseTask.java:98) ~[netty-common-4.1.52.Final.jar:4.1.52.Final]
	at io.netty.util.concurrent.ScheduledFutureTask.run(ScheduledFutureTask.java:170) ~[netty-common-4.1.52.Final.jar:4.1.52.Final]
	at io.netty.util.concurrent.AbstractEventExecutor.safeExecute(AbstractEventExecutor.java:164) ~[netty-common-4.1.52.Final.jar:4.1.52.Final]
	at io.netty.util.concurrent.SingleThreadEventExecutor.runAllTasks(SingleThreadEventExecutor.java:472) ~[netty-common-4.1.52.Final.jar:4.1.52.Final]
	at io.netty.channel.nio.NioEventLoop.run(NioEventLoop.java:500) ~[netty-transport-4.1.52.Final.jar:4.1.52.Final]
	... 4 more

[2023-01-19 20:48:39.179] [INFO] [main] [org.springframework.boot.StartupInfoLogger] [55] - Starting WebApplication on 机械革命 with PID 7748 (C:\Users\admin\Desktop\Flink实时用户日志分析\RealTimeAnalysis\Flink-OnlineAnalysis\Web\target\classes started by admin in C:\Users\admin\Desktop\Flink实时用户日志分析\RealTimeAnalysis\Flink-OnlineAnalysis)
[2023-01-19 20:48:39.182] [INFO] [main] [org.springframework.boot.SpringApplication] [651] - No active profile set, falling back to default profiles: default
[2023-01-19 20:48:39.430] [INFO] [main] [org.springframework.data.repository.config.RepositoryConfigurationDelegate] [249] - Multiple Spring Data modules found, entering strict repository configuration mode!
[2023-01-19 20:48:39.430] [INFO] [main] [org.springframework.data.repository.config.RepositoryConfigurationDelegate] [127] - Bootstrapping Spring Data Redis repositories in DEFAULT mode.
[2023-01-19 20:48:39.448] [INFO] [main] [org.springframework.data.repository.config.RepositoryConfigurationDelegate] [187] - Finished Spring Data repository scanning in 4ms. Found 0 Redis repository interfaces.
[2023-01-19 20:48:39.705] [INFO] [main] [com.alex.web.exception.WholeException] [20] - 加载全局异常捕获类
[2023-01-19 20:48:40.216] [INFO] [main] [org.springframework.boot.web.embedded.netty.NettyWebServer] [109] - Netty started on port(s): 8080
[2023-01-19 20:48:40.224] [INFO] [main] [org.springframework.boot.StartupInfoLogger] [61] - Started WebApplication in 1.245 seconds (JVM running for 1.879)
